ERROR: getaddrinfo ENOTFOUND ac-qgg0ija-shard-00-00.dogphdo.mongodb.net
ERROR: E11000 duplicate key error collection: Back-end.users index: email_1 dup key: { email: "juancruzbeniteza@gmail.com" }
ERROR: E11000 duplicate key error collection: Back-end.users index: email_1 dup key: { email: "juancruzbeniteza@gmail.com" }
ERROR: getaddrinfo ENOTFOUND ac-qgg0ija-shard-00-00.dogphdo.mongodb.net
ERROR: getaddrinfo ENOTFOUND ac-qgg0ija-shard-00-00.dogphdo.mongodb.net
ERROR: Unknown authentication strategy "login"
ERROR: Unknown authentication strategy "login"
ERROR: Unknown authentication strategy "login"
ERROR: Unknown authentication strategy "login"
ERROR: Unknown authentication strategy "login"
ERROR: Failed to serialize user into session
ERROR: Failed to serialize user into session
ERROR: Failed to serialize user into session
ERROR: Failed to serialize user into session
ERROR: Failed to serialize user into session
ERROR: users.readById is not a function
ERROR: users.readById is not a function
ERROR: users.readById is not a function
ERROR: users.readById is not a function
ERROR: users.readById is not a function
ERROR: users.readById is not a function
ERROR: users.readById is not a function
ERROR: Failed to deserialize user out of session
ERROR: Failed to deserialize user out of session
ERROR: Failed to deserialize user out of session
ERROR: Failed to deserialize user out of session
ERROR: users.readById is not a function
ERROR: users.readById is not a function
ERROR: Failed to deserialize user out of session
ERROR: Failed to deserialize user out of session
ERROR: Failed to deserialize user out of session
ERROR: repository.findById is not a function
ERROR: repository.findById is not a function
ERROR: this.model.findById is not a function
ERROR: this.model.findById is not a function
ERROR: Error finding user by ID: this.model.findById is not a function
ERROR: Error finding user by ID: this.model.findById is not a function
ERROR: Error finding user by ID: this.model.findById is not a function
ERROR: Error finding user by ID: this.model.findById is not a function
ERROR: Cast to string failed for value "{ email: 'juancruzbeniteza@gmail.com' }" (type Object) at path "email" for model "User"
ERROR: Cast to string failed for value "{ email: 'benitezarcejuancruz@gmail.com' }" (type Object) at path "email" for model "User"
ERROR: Cast to string failed for value "{ email: 'juancruzbeniteza@gmail.com' }" (type Object) at path "email" for model "User"
ERROR: Cast to string failed for value "{ email: 'juancruzbeniteza@gmail.com' }" (type Object) at path "email" for model "User"
ERROR: Cast to string failed for value "{ email: 'juancruzbeniteza@gmail.com' }" (type Object) at path "email" for model "User"
ERROR: Cast to string failed for value "{ email: 'juancruzbeniteza@gmail.com' }" (type Object) at path "email" for model "User"
